<?xml version="1.0" encoding="UTF-8"?>
<!-- Generated by org.testng.reporters.JUnitReportReporter -->
<testsuite hostname="LAPTOP-RK4E0QFO" failures="1" tests="1" name="testRunner.FailedTestRunner" time="27.200" errors="0" timestamp="2022-11-15T18:12:34 IST" skipped="0">
  <testcase classname="testRunner.FailedTestRunner" name="runScenario" time="27.200">
    <failure message="expected [No data] but found [Beetroot]" type="java.lang.AssertionError">
      <![CDATA[java.lang.AssertionError: expected [No data] but found [Beetroot]
at org.testng.Assert.fail(Assert.java:110)
at org.testng.Assert.failNotEquals(Assert.java:1413)
at org.testng.Assert.assertEqualsImpl(Assert.java:149)
at org.testng.Assert.assertEquals(Assert.java:131)
at org.testng.Assert.assertEquals(Assert.java:655)
at org.testng.Assert.assertEquals(Assert.java:665)
at stepDefination.OffersPageStepDefination.verify_hom_page_productname_and_offer_page_produtname(OffersPageStepDefination.java:43)
at ✽.verify  homPageProductname and offerPageProdutname(file:///D:/Demo/CucumberFramework/Features/searchProducts.feature:7)
]]>
    </failure>
  </testcase> <!-- runScenario -->
  <system-out/>
</testsuite> <!-- testRunner.FailedTestRunner -->
