<?xml version="1.0" encoding="UTF-8"?>
<!-- Generated by org.testng.reporters.JUnitReportReporter -->
<testsuite hostname="LAPTOP-RK4E0QFO" failures="1" tests="2" name="testRunner.TestRunner" time="81.087" errors="0" timestamp="2022-11-16T22:40:42 IST" skipped="0">
  <testcase classname="testRunner.TestRunner" name="runScenario" time="39.468">
    <failure message="expected [No data] but found [Beetroot]" type="java.lang.AssertionError">
      <![CDATA[java.lang.AssertionError: expected [No data] but found [Beetroot]
at org.testng.Assert.fail(Assert.java:110)
at org.testng.Assert.failNotEquals(Assert.java:1413)
at org.testng.Assert.assertEqualsImpl(Assert.java:149)
at org.testng.Assert.assertEquals(Assert.java:131)
at org.testng.Assert.assertEquals(Assert.java:655)
at org.testng.Assert.assertEquals(Assert.java:665)
at stepDefination.OffersPageStepDefination.verify_hom_page_productname_and_offer_page_produtname(OffersPageStepDefination.java:44)
at ✽.verify  homPageProductname and offerPageProdutname(file:///D:/Demo/CucumberFramework/Features/searchProducts.feature:7)
]]>
    </failure>
  </testcase> <!-- runScenario -->
  <system-out/>
  <testcase classname="testRunner.TestRunner" name="runScenario" time="41.619"/>
  <system-out/>
</testsuite> <!-- testRunner.TestRunner -->
